<?xml version="1.0" encoding="UTF-8"?>
<!-- Generated by org.testng.reporters.JUnitXMLReporter -->
<testsuite hostname="DESKTOP-947DOM6" ignored="0" name="Test" tests="4" failures="0" timestamp="03 Apr 2019 18:13:47 GMT" time="0.08" errors="0">
  <testcase name="browserAutomate" time="0.017" classname="qaclickacademy.SeleniumTest"/>
  <testcase name="elementUi" time="0.001" classname="qaclickacademy.SeleniumTest"/>
  <testcase name="deleteTwitter" time="0.001" classname="qaclickacademy.RESTAPITest"/>
  <testcase name="postJira" time="0.002" classname="qaclickacademy.RESTAPITest"/>
</testsuite> <!-- Test -->
