 <?xml version="1.0" encoding="UTF-8"?>
<testng-results skipped="0" failed="0" ignored="0" total="6" passed="6">
  <reporter-output>
  </reporter-output>
  <suite name="Command line suite" duration-ms="32" started-at="2019-04-03T23:53:04Z" finished-at="2019-04-03T23:53:04Z">
    <groups>
    </groups>
    <test name="Command line test" duration-ms="32" started-at="2019-04-03T23:53:04Z" finished-at="2019-04-03T23:53:04Z">
      <class name="qaclickacademy.AppiumTest">
        <test-method status="PASS" signature="IOSApps()[pri:0, instance:qaclickacademy.AppiumTest@77b52d12]" name="IOSApps" duration-ms="6" started-at="2019-04-03T23:53:04Z" finished-at="2019-04-03T23:53:04Z">
          <reporter-output>
          </reporter-output>
        </test-method> <!-- IOSApps -->
        <test-method status="PASS" signature="nativeAppandroid()[pri:0, instance:qaclickacademy.AppiumTest@77b52d12]" name="nativeAppandroid" duration-ms="1" started-at="2019-04-03T23:53:04Z" finished-at="2019-04-03T23:53:04Z">
          <reporter-output>
          </reporter-output>
        </test-method> <!-- nativeAppandroid -->
      </class> <!-- qaclickacademy.AppiumTest -->
      <class name="qaclickacademy.RESTAPITest">
        <test-method status="PASS" signature="deleteTwitter()[pri:0, instance:qaclickacademy.RESTAPITest@2d554825]" name="deleteTwitter" duration-ms="0" started-at="2019-04-03T23:53:04Z" finished-at="2019-04-03T23:53:04Z">
          <reporter-output>
          </reporter-output>
        </test-method> <!-- deleteTwitter -->
        <test-method status="PASS" signature="postJira()[pri:0, instance:qaclickacademy.RESTAPITest@2d554825]" name="postJira" duration-ms="0" started-at="2019-04-03T23:53:04Z" finished-at="2019-04-03T23:53:04Z">
          <reporter-output>
          </reporter-output>
        </test-method> <!-- postJira -->
      </class> <!-- qaclickacademy.RESTAPITest -->
      <class name="qaclickacademy.SeleniumTest">
        <test-method status="PASS" signature="browserAutomate()[pri:0, instance:qaclickacademy.SeleniumTest@68837a77]" name="browserAutomate" duration-ms="0" started-at="2019-04-03T23:53:04Z" finished-at="2019-04-03T23:53:04Z">
          <reporter-output>
          </reporter-output>
        </test-method> <!-- browserAutomate -->
        <test-method status="PASS" signature="elementUi()[pri:0, instance:qaclickacademy.SeleniumTest@68837a77]" name="elementUi" duration-ms="1" started-at="2019-04-03T23:53:04Z" finished-at="2019-04-03T23:53:04Z">
          <reporter-output>
          </reporter-output>
        </test-method> <!-- elementUi -->
      </class> <!-- qaclickacademy.SeleniumTest -->
    </test> <!-- Command line test -->
  </suite> <!-- Command line suite -->
</testng-results>
