<?xml version="1.0" encoding="UTF-8"?>
<testng-results skipped="0" failed="0" ignored="0" total="4" passed="4">
  <reporter-output>
  </reporter-output>
  <suite name="Suite" duration-ms="80" started-at="2019-04-03T18:13:47Z" finished-at="2019-04-03T18:13:47Z">
    <groups>
    </groups>
    <test name="Test" duration-ms="80" started-at="2019-04-03T18:13:47Z" finished-at="2019-04-03T18:13:47Z">
      <class name="qaclickacademy.RESTAPITest">
        <test-method status="PASS" signature="deleteTwitter()[pri:0, instance:qaclickacademy.RESTAPITest@3abbfa04]" name="deleteTwitter" duration-ms="1" started-at="2019-04-03T18:13:47Z" finished-at="2019-04-03T18:13:47Z">
          <reporter-output>
          </reporter-output>
        </test-method> <!-- deleteTwitter -->
        <test-method status="PASS" signature="postJira()[pri:0, instance:qaclickacademy.RESTAPITest@3abbfa04]" name="postJira" duration-ms="2" started-at="2019-04-03T18:13:47Z" finished-at="2019-04-03T18:13:47Z">
          <reporter-output>
          </reporter-output>
        </test-method> <!-- postJira -->
      </class> <!-- qaclickacademy.RESTAPITest -->
      <class name="qaclickacademy.SeleniumTest">
        <test-method status="PASS" signature="browserAutomate()[pri:0, instance:qaclickacademy.SeleniumTest@239963d8]" name="browserAutomate" duration-ms="17" started-at="2019-04-03T18:13:47Z" finished-at="2019-04-03T18:13:47Z">
          <reporter-output>
          </reporter-output>
        </test-method> <!-- browserAutomate -->
        <test-method status="PASS" signature="elementUi()[pri:0, instance:qaclickacademy.SeleniumTest@239963d8]" name="elementUi" duration-ms="1" started-at="2019-04-03T18:13:47Z" finished-at="2019-04-03T18:13:47Z">
          <reporter-output>
          </reporter-output>
        </test-method> <!-- elementUi -->
      </class> <!-- qaclickacademy.SeleniumTest -->
    </test> <!-- Test -->
  </suite> <!-- Suite -->
</testng-results>
